{"D:\\flink-demo\\workspace\\GWUnitTest\\gw\\UnitTest_spec.js":{"path":"D:\\flink-demo\\workspace\\GWUnitTest\\gw\\UnitTest_spec.js","s":{"1":1,"2":1,"3":1,"4":1,"5":1,"6":1,"7":1,"8":1,"9":1,"10":1,"11":1,"12":1,"13":1,"14":1,"15":1,"16":1,"17":1,"18":1,"19":1,"20":1},"b":{},"f":{"1":1,"2":1,"3":1,"4":1,"5":1,"6":1},"fnMap":{"1":{"name":"(anonymous_1)","line":7,"loc":{"start":{"line":7,"column":30},"end":{"line":7,"column":41}}},"2":{"name":"(anonymous_2)","line":9,"loc":{"start":{"line":9,"column":33},"end":{"line":9,"column":48}}},"3":{"name":"(anonymous_3)","line":24,"loc":{"start":{"line":24,"column":31},"end":{"line":24,"column":46}}},"4":{"name":"(anonymous_4)","line":37,"loc":{"start":{"line":37,"column":42},"end":{"line":37,"column":53}}},"5":{"name":"(anonymous_5)","line":39,"loc":{"start":{"line":39,"column":44},"end":{"line":39,"column":59}}},"6":{"name":"(anonymous_6)","line":50,"loc":{"start":{"line":50,"column":43},"end":{"line":50,"column":58}}}},"statementMap":{"1":{"start":{"line":4,"column":0},"end":{"line":4,"column":31}},"2":{"start":{"line":5,"column":0},"end":{"line":5,"column":41}},"3":{"start":{"line":7,"column":0},"end":{"line":35,"column":3}},"4":{"start":{"line":9,"column":1},"end":{"line":22,"column":4}},"5":{"start":{"line":10,"column":2},"end":{"line":19,"column":5}},"6":{"start":{"line":20,"column":2},"end":{"line":20,"column":68}},"7":{"start":{"line":21,"column":2},"end":{"line":21,"column":9}},"8":{"start":{"line":24,"column":1},"end":{"line":33,"column":4}},"9":{"start":{"line":25,"column":2},"end":{"line":30,"column":5}},"10":{"start":{"line":31,"column":2},"end":{"line":31,"column":55}},"11":{"start":{"line":32,"column":2},"end":{"line":32,"column":9}},"12":{"start":{"line":37,"column":0},"end":{"line":61,"column":3}},"13":{"start":{"line":39,"column":1},"end":{"line":48,"column":4}},"14":{"start":{"line":40,"column":2},"end":{"line":45,"column":5}},"15":{"start":{"line":46,"column":2},"end":{"line":46,"column":120}},"16":{"start":{"line":47,"column":2},"end":{"line":47,"column":9}},"17":{"start":{"line":50,"column":1},"end":{"line":59,"column":4}},"18":{"start":{"line":51,"column":2},"end":{"line":56,"column":5}},"19":{"start":{"line":57,"column":2},"end":{"line":57,"column":67}},"20":{"start":{"line":58,"column":2},"end":{"line":58,"column":9}}},"branchMap":{}},"D:\\flink-demo\\workspace\\GWUnitTest\\gw\\UnitTest.js":{"path":"D:\\flink-demo\\workspace\\GWUnitTest\\gw\\UnitTest.js","s":{"1":1,"2":2,"3":1,"4":2,"5":2,"6":1,"7":2,"8":1},"b":{"1":[1,1],"2":[1,1],"3":[2,2]},"f":{"1":2,"2":2},"fnMap":{"1":{"name":"(anonymous_1)","line":5,"loc":{"start":{"line":5,"column":11},"end":{"line":5,"column":25}}},"2":{"name":"(anonymous_2)","line":11,"loc":{"start":{"line":11,"column":23},"end":{"line":11,"column":36}}}},"statementMap":{"1":{"start":{"line":4,"column":0},"end":{"line":17,"column":1}},"2":{"start":{"line":6,"column":2},"end":{"line":8,"column":3}},"3":{"start":{"line":7,"column":3},"end":{"line":7,"column":34}},"4":{"start":{"line":9,"column":2},"end":{"line":9,"column":13}},"5":{"start":{"line":12,"column":2},"end":{"line":14,"column":3}},"6":{"start":{"line":13,"column":3},"end":{"line":13,"column":50}},"7":{"start":{"line":15,"column":2},"end":{"line":15,"column":13}},"8":{"start":{"line":19,"column":0},"end":{"line":19,"column":26}}},"branchMap":{"1":{"line":6,"type":"if","locations":[{"start":{"line":6,"column":2},"end":{"line":6,"column":2}},{"start":{"line":6,"column":2},"end":{"line":6,"column":2}}]},"2":{"line":12,"type":"if","locations":[{"start":{"line":12,"column":2},"end":{"line":12,"column":2}},{"start":{"line":12,"column":2},"end":{"line":12,"column":2}}]},"3":{"line":12,"type":"binary-expr","locations":[{"start":{"line":12,"column":6},"end":{"line":12,"column":25}},{"start":{"line":12,"column":29},"end":{"line":12,"column":53}}]}}}}